<?xml version="1.0" encoding="UTF-8"?>
<!-- Generated by org.testng.reporters.JUnitReportReporter -->
<testsuite skipped="3" hostname="Swati-VAIO" name="com.qtpselenium.suiteB.TestCase_B1" tests="3" failures="0" timestamp="22 Feb 2018 16:45:20 GMT" time="0.001" errors="0">
  <testcase name="testcaseB1" time="0.001" classname="com.qtpselenium.suiteB.TestCase_B1">
    <skipped/>
  </testcase> <!-- testcaseB1 -->
  <testcase name="testcaseB1" time="0.000" classname="com.qtpselenium.suiteB.TestCase_B1">
    <skipped/>
  </testcase> <!-- testcaseB1 -->
  <testcase name="testcaseB1" time="0.000" classname="com.qtpselenium.suiteB.TestCase_B1">
    <skipped/>
  </testcase> <!-- testcaseB1 -->
</testsuite> <!-- com.qtpselenium.suiteB.TestCase_B1 -->
