<?xml version="1.0" encoding="UTF-8"?>
<!-- Generated by org.testng.reporters.JUnitReportReporter -->
<testsuite skipped="0" hostname="Swati-VAIO" name="com.qtpselenium.suiteA.TestCase_A1" tests="3" failures="0" timestamp="22 Feb 2018 16:45:20 GMT" time="0.013" errors="0">
  <testcase name="testcaseA1" time="0.002" classname="com.qtpselenium.suiteA.TestCase_A1"/>
  <testcase name="testcaseA1" time="0.009" classname="com.qtpselenium.suiteA.TestCase_A1"/>
  <testcase name="testcaseA1" time="0.002" classname="com.qtpselenium.suiteA.TestCase_A1"/>
</testsuite> <!-- com.qtpselenium.suiteA.TestCase_A1 -->
