<?xml version="1.0" encoding="UTF-8"?>
<!-- Generated by org.testng.reporters.JUnitReportReporter -->
<testsuite skipped="1" hostname="Swati-VAIO" name="com.qtpselenium.suiteA.TestCase_A2" tests="2" failures="0" timestamp="22 Feb 2018 16:45:20 GMT" time="0.004" errors="0">
  <testcase name="testcaseA2" time="0.002" classname="com.qtpselenium.suiteA.TestCase_A2">
    <skipped/>
  </testcase> <!-- testcaseA2 -->
  <testcase name="testcaseA2" time="0.002" classname="com.qtpselenium.suiteA.TestCase_A2"/>
</testsuite> <!-- com.qtpselenium.suiteA.TestCase_A2 -->
