<?xml version="1.0" encoding="UTF-8"?>
<!-- Generated by org.testng.reporters.JUnitReportReporter -->
<testsuite skipped="3" hostname="Swati-VAIO" name="com.qtpselenium.suiteC.TestCase_C1" tests="3" failures="0" timestamp="22 Feb 2018 16:45:20 GMT" time="0.000" errors="0">
  <testcase name="testcseC1" time="0.000" classname="com.qtpselenium.suiteC.TestCase_C1">
    <skipped/>
  </testcase> <!-- testcseC1 -->
  <testcase name="testcseC1" time="0.000" classname="com.qtpselenium.suiteC.TestCase_C1">
    <skipped/>
  </testcase> <!-- testcseC1 -->
  <testcase name="testcseC1" time="0.000" classname="com.qtpselenium.suiteC.TestCase_C1">
    <skipped/>
  </testcase> <!-- testcseC1 -->
</testsuite> <!-- com.qtpselenium.suiteC.TestCase_C1 -->
