<?xml version="1.0" encoding="UTF-8"?>
<!-- Generated by org.testng.reporters.JUnitReportReporter -->
<testsuite skipped="3" hostname="Swati-VAIO" name="com.qtpselenium.suiteB.TestCase_B2" tests="3" failures="0" timestamp="22 Feb 2018 16:45:20 GMT" time="0.000" errors="0">
  <testcase name="testcaseB2" time="0.000" classname="com.qtpselenium.suiteB.TestCase_B2">
    <skipped/>
  </testcase> <!-- testcaseB2 -->
  <testcase name="testcaseB2" time="0.000" classname="com.qtpselenium.suiteB.TestCase_B2">
    <skipped/>
  </testcase> <!-- testcaseB2 -->
  <testcase name="testcaseB2" time="0.000" classname="com.qtpselenium.suiteB.TestCase_B2">
    <skipped/>
  </testcase> <!-- testcaseB2 -->
</testsuite> <!-- com.qtpselenium.suiteB.TestCase_B2 -->
